# JRE version: Java(TM) SE Runtime Environment (8.0_191-b12) (build 1.8.0_191-b12)
# Java VM: Java HotSpot(TM) 64-Bit Server VM (25.191-b12 mixed mode bsd-amd64 compressed oops)
Heap:
 PSYoungGen      total 226304K, used 226202K [0x0000000795580000, 0x00000007a4900000, 0x00000007c0000000)
  eden space 218112K, 100% used [0x0000000795580000,0x00000007a2a80000,0x00000007a2a80000)
  from space 8192K, 98% used [0x00000007a4100000,0x00000007a48e6be8,0x00000007a4900000)
  to   space 15360K, 30% used [0x00000007a2b00000,0x00000007a2fa2010,0x00000007a3a00000)
 ParOldGen       total 91648K, used 23577K [0x0000000740000000, 0x0000000745980000, 0x0000000795580000)
  object space 91648K, 25% used [0x0000000740000000,0x00000007417067d8,0x0000000745980000)
 Metaspace       used 42997K, capacity 45862K, committed 46208K, reserved 1089536K
  class space    used 5935K, capacity 6431K, committed 6528K, reserved 1048576K
GC Heap History (10 events):
Event: 3.280 GC heap after
Heap after GC invocations=8 (full 1):
 PSYoungGen      total 139776K, used 7668K [0x0000000795580000, 0x00000007a1480000, 0x00000007c0000000)
  eden space 132096K, 0% used [0x0000000795580000,0x0000000795580000,0x000000079d680000)
  from space 7680K, 99% used [0x000000079d680000,0x000000079ddfd030,0x000000079de00000)
  to   space 10240K, 0% used [0x00000007a0a80000,0x00000007a0a80000,0x00000007a1480000)
 ParOldGen       total 52224K, used 9902K [0x0000000740000000, 0x0000000743300000, 0x0000000795580000)
  object space 52224K, 18% used [0x0000000740000000,0x00000007409abb38,0x0000000743300000)
 Metaspace       used 27569K, capacity 28514K, committed 28672K, reserved 1073152K
  class space    used 3752K, capacity 3990K, committed 4096K, reserved 1048576K
}
Event: 4.060 GC heap before
{Heap before GC invocations=9 (full 1):
 PSYoungGen      total 139776K, used 128312K [0x0000000795580000, 0x00000007a1480000, 0x00000007c0000000)
  eden space 132096K, 91% used [0x0000000795580000,0x000000079cb51048,0x000000079d680000)
  from space 7680K, 99% used [0x000000079d680000,0x000000079ddfd030,0x000000079de00000)
  to   space 10240K, 0% used [0x00000007a0a80000,0x00000007a0a80000,0x00000007a1480000)
 ParOldGen       total 52224K, used 9902K [0x0000000740000000, 0x0000000743300000, 0x0000000795580000)
  object space 52224K, 18% used [0x0000000740000000,0x00000007409abb38,0x0000000743300000)
 Metaspace       used 33765K, capacity 35358K, committed 35456K, reserved 1079296K
  class space    used 4619K, capacity 4946K, committed 4992K, reserved 1048576K
Event: 4.110 GC heap after
Heap after GC invocations=9 (full 1):
 PSYoungGen      total 180224K, used 10218K [0x0000000795580000, 0x00000007a4900000, 0x00000007c0000000)
  eden space 169984K, 0% used [0x0000000795580000,0x0000000795580000,0x000000079fb80000)
  from space 10240K, 99% used [0x00000007a0a80000,0x00000007a147a9a0,0x00000007a1480000)
  to   space 15360K, 0% used [0x000000079fb80000,0x000000079fb80000,0x00000007a0a80000)
 ParOldGen       total 52224K, used 18832K [0x0000000740000000, 0x0000000743300000, 0x0000000795580000)
  object space 52224K, 36% used [0x0000000740000000,0x0000000741264200,0x0000000743300000)
 Metaspace       used 33765K, capacity 35358K, committed 35456K, reserved 1079296K
  class space    used 4619K, capacity 4946K, committed 4992K, reserved 1048576K
}
Event: 4.110 GC heap before
{Heap before GC invocations=10 (full 2):
 PSYoungGen      total 180224K, used 10218K [0x0000000795580000, 0x00000007a4900000, 0x00000007c0000000)
  eden space 169984K, 0% used [0x0000000795580000,0x0000000795580000,0x000000079fb80000)
  from space 10240K, 99% used [0x00000007a0a80000,0x00000007a147a9a0,0x00000007a1480000)
  to   space 15360K, 0% used [0x000000079fb80000,0x000000079fb80000,0x00000007a0a80000)
 ParOldGen       total 52224K, used 18832K [0x0000000740000000, 0x0000000743300000, 0x0000000795580000)
  object space 52224K, 36% used [0x0000000740000000,0x0000000741264200,0x0000000743300000)
 Metaspace       used 33765K, capacity 35358K, committed 35456K, reserved 1079296K
  class space    used 4619K, capacity 4946K, committed 4992K, reserved 1048576K
Event: 4.199 GC heap after
Heap after GC invocations=10 (full 2):
 PSYoungGen      total 180224K, used 0K [0x0000000795580000, 0x00000007a4900000, 0x00000007c0000000)
  eden space 169984K, 0% used [0x0000000795580000,0x0000000795580000,0x000000079fb80000)
  from space 10240K, 0% used [0x00000007a0a80000,0x00000007a0a80000,0x00000007a1480000)
  to   space 15360K, 0% used [0x000000079fb80000,0x000000079fb80000,0x00000007a0a80000)
 ParOldGen       total 91648K, used 23561K [0x0000000740000000, 0x0000000745980000, 0x0000000795580000)
  object space 91648K, 25% used [0x0000000740000000,0x00000007417027d8,0x0000000745980000)
 Metaspace       used 33765K, capacity 35358K, committed 35456K, reserved 1079296K
  class space    used 4619K, capacity 4946K, committed 4992K, reserved 1048576K
}
Event: 11.377 GC heap before
{Heap before GC invocations=11 (full 2):
 PSYoungGen      total 180224K, used 169984K [0x0000000795580000, 0x00000007a4900000, 0x00000007c0000000)
  eden space 169984K, 100% used [0x0000000795580000,0x000000079fb80000,0x000000079fb80000)
  from space 10240K, 0% used [0x00000007a0a80000,0x00000007a0a80000,0x00000007a1480000)
  to   space 15360K, 0% used [0x000000079fb80000,0x000000079fb80000,0x00000007a0a80000)
 ParOldGen       total 91648K, used 23561K [0x0000000740000000, 0x0000000745980000, 0x0000000795580000)
  object space 91648K, 25% used [0x0000000740000000,0x00000007417027d8,0x0000000745980000)
 Metaspace       used 41522K, capacity 43910K, committed 44160K, reserved 1087488K
  class space    used 5725K, capacity 6173K, committed 6272K, reserved 1048576K
Event: 11.392 GC heap after
Heap after GC invocations=11 (full 2):
 PSYoungGen      total 185344K, used 11375K [0x0000000795580000, 0x00000007a5080000, 0x00000007c0000000)
  eden space 169984K, 0% used [0x0000000795580000,0x0000000795580000,0x000000079fb80000)
  from space 15360K, 74% used [0x000000079fb80000,0x00000007a069be80,0x00000007a0a80000)
  to   space 15872K, 0% used [0x00000007a4100000,0x00000007a4100000,0x00000007a5080000)
 ParOldGen       total 91648K, used 23569K [0x0000000740000000, 0x0000000745980000, 0x0000000795580000)
  object space 91648K, 25% used [0x0000000740000000,0x00000007417047d8,0x0000000745980000)
 Metaspace       used 41522K, capacity 43910K, committed 44160K, reserved 1087488K
  class space    used 5725K, capacity 6173K, committed 6272K, reserved 1048576K
}
Event: 20284.562 GC heap before
{Heap before GC invocations=12 (full 2):
 PSYoungGen      total 185344K, used 181359K [0x0000000795580000, 0x00000007a5080000, 0x00000007c0000000)
  eden space 169984K, 100% used [0x0000000795580000,0x000000079fb80000,0x000000079fb80000)
  from space 15360K, 74% used [0x000000079fb80000,0x00000007a069be80,0x00000007a0a80000)
  to   space 15872K, 0% used [0x00000007a4100000,0x00000007a4100000,0x00000007a5080000)
 ParOldGen       total 91648K, used 23569K [0x0000000740000000, 0x0000000745980000, 0x0000000795580000)
  object space 91648K, 25% used [0x0000000740000000,0x00000007417047d8,0x0000000745980000)
 Metaspace       used 42724K, capacity 45486K, committed 45568K, reserved 1089536K
  class space    used 5891K, capacity 6395K, committed 6400K, reserved 1048576K
Event: 20285.407 GC heap after
Heap after GC invocations=12 (full 2):
 PSYoungGen      total 226304K, used 8090K [0x0000000795580000, 0x00000007a4900000, 0x00000007c0000000)
  eden space 218112K, 0% used [0x0000000795580000,0x0000000795580000,0x00000007a2a80000)
  from space 8192K, 98% used [0x00000007a4100000,0x00000007a48e6be8,0x00000007a4900000)
  to   space 15360K, 0% used [0x00000007a2b00000,0x00000007a2b00000,0x00000007a3a00000)
 ParOldGen       total 91648K, used 23577K [0x0000000740000000, 0x0000000745980000, 0x0000000795580000)
  object space 91648K, 25% used [0x0000000740000000,0x00000007417067d8,0x0000000745980000)
 Metaspace       used 42724K, capacity 45486K, committed 45568K, reserved 1089536K
  class space    used 5891K, capacity 6395K, committed 6400K, reserved 1048576K
}
Event: 104493.998 GC heap before
{Heap before GC invocations=13 (full 2):
 PSYoungGen      total 226304K, used 226202K [0x0000000795580000, 0x00000007a4900000, 0x00000007c0000000)
  eden space 218112K, 100% used [0x0000000795580000,0x00000007a2a80000,0x00000007a2a80000)
  from space 8192K, 98% used [0x00000007a4100000,0x00000007a48e6be8,0x00000007a4900000)
  to   space 15360K, 0% used [0x00000007a2b00000,0x00000007a2b00000,0x00000007a3a00000)
 ParOldGen       total 91648K, used 23577K [0x0000000740000000, 0x0000000745980000, 0x0000000795580000)
  object space 91648K, 25% used [0x0000000740000000,0x00000007417067d8,0x0000000745980000)
 Metaspace       used 42997K, capacity 45862K, committed 46208K, reserved 1089536K
  class space    used 5935K, capacity 6431K, committed 6528K, reserved 1048576K

